0 info it worked if it ends with ok
1 verbose cli [ 'E:\\Environment\\Node\\node.exe',
1 verbose cli   'E:\\Environment\\Node\\node_modules\\npm\\bin\\npm-cli.js',
1 verbose cli   'run',
1 verbose cli   'server' ]
2 info using npm@3.10.8
3 info using node@v6.9.1
4 verbose run-script [ 'preserver', 'server', 'postserver' ]
5 info lifecycle uchat@1.0.0~preserver: uchat@1.0.0
6 silly lifecycle uchat@1.0.0~preserver: no script for preserver, continuing
7 info lifecycle uchat@1.0.0~server: uchat@1.0.0
8 verbose lifecycle uchat@1.0.0~server: unsafe-perm in lifecycle true
9 verbose lifecycle uchat@1.0.0~server: PATH: E:\Environment\Node\node_modules\npm\bin\node-gyp-bin;D:\Github\UChat\node_modules\.bin;C:\Windows\system32;C:\Windows;C:\Windows\System32\Wbem;C:\Windows\System32\WindowsPowerShell\v1.0\;E:\Environment\Node\;E:\worktoosl\TortoiseSVN1.9.0\bin;C:\Program Files\Microsoft\Web Platform Installer\;C:\Program Files (x86)\Microsoft ASP.NET\ASP.NET Web Pages\v1.0\;C:\Program Files (x86)\Windows Kits\8.0\Windows Performance Toolkit\;C:\Program Files\Microsoft SQL Server\110\Tools\Binn\;C:\Users\Heaven\AppData\Local\Microsoft\WindowsApps;C:\Users\Heaven\AppData\Roaming\npm
10 verbose lifecycle uchat@1.0.0~server: CWD: D:\Github\UChat
11 silly lifecycle uchat@1.0.0~server: Args: [ '/d /s /c', 'node server/app.js' ]
12 silly lifecycle uchat@1.0.0~server: Returned: code: 3221225786  signal: null
13 info lifecycle uchat@1.0.0~server: Failed to exec server script
14 verbose stack Error: uchat@1.0.0 server: `node server/app.js`
14 verbose stack Exit status 3221225786
14 verbose stack     at EventEmitter.<anonymous> (E:\Environment\Node\node_modules\npm\lib\utils\lifecycle.js:255:16)
14 verbose stack     at emitTwo (events.js:106:13)
14 verbose stack     at EventEmitter.emit (events.js:191:7)
14 verbose stack     at ChildProcess.<anonymous> (E:\Environment\Node\node_modules\npm\lib\utils\spawn.js:40:14)
14 verbose stack     at emitTwo (events.js:106:13)
14 verbose stack     at ChildProcess.emit (events.js:191:7)
14 verbose stack     at maybeClose (internal/child_process.js:877:16)
14 verbose stack     at Process.ChildProcess._handle.onexit (internal/child_process.js:226:5)
15 verbose pkgid uchat@1.0.0
16 verbose cwd D:\Github\UChat
17 error Windows_NT 10.0.14393
18 error argv "E:\\Environment\\Node\\node.exe" "E:\\Environment\\Node\\node_modules\\npm\\bin\\npm-cli.js" "run" "server"
19 error node v6.9.1
20 error npm  v3.10.8
21 error code ELIFECYCLE
22 error uchat@1.0.0 server: `node server/app.js`
22 error Exit status 3221225786
23 error Failed at the uchat@1.0.0 server script 'node server/app.js'.
23 error Make sure you have the latest version of node.js and npm installed.
23 error If you do, this is most likely a problem with the uchat package,
23 error not with npm itself.
23 error Tell the author that this fails on your system:
23 error     node server/app.js
23 error You can get information on how to open an issue for this project with:
23 error     npm bugs uchat
23 error Or if that isn't available, you can get their info via:
23 error     npm owner ls uchat
23 error There is likely additional logging output above.
24 verbose exit [ 1, true ]
